The system is: Windows - 10.0.18363 - AMD64
Compiling the CXX compiler identification source file "CMakeCXXCompilerId.cpp" succeeded.
Compiler: C:/Program Files (x86)/Microsoft Visual Studio/2019/Preview/VC/Tools/MSVC/14.25.28610/bin/Hostx86/x86/cl.exe 
Build flags: 
Id flags:  

The output was:
0
Microsoft (R) C/C++ Optimizing Compiler Version 19.25.28610.4 for x86
Copyright (C) Microsoft Corporation.  All rights reserved.

CMakeCXXCompilerId.cpp
Microsoft (R) Incremental Linker Version 14.25.28610.4
Copyright (C) Microsoft Corporation.  All rights reserved.

/out:CMakeCXXCompilerId.exe 
CMakeCXXCompilerId.obj 


Compilation of the CXX compiler identification source "CMakeCXXCompilerId.cpp" produced "CMakeCXXCompilerId.exe"

Compilation of the CXX compiler identification source "CMakeCXXCompilerId.cpp" produced "CMakeCXXCompilerId.obj"

The CXX compiler identification is MSVC, found in "C:/Users/User/CLionProjects/astl/cmake-build-debug-visual-studio-msvc/CMakeFiles/3.16.0/CompilerIdCXX/CMakeCXXCompilerId.exe"

Determining if the CXX compiler works passed with the following output:
Change Dir: C:/Users/User/CLionProjects/astl/cmake-build-debug-visual-studio-msvc/CMakeFiles/CMakeTmp

Run Build Command(s):nmake /nologo cmTC_24975\fast && 	"C:\Program Files (x86)\Microsoft Visual Studio\2019\Preview\VC\Tools\MSVC\14.25.28610\bin\HostX86\x86\nmake.exe" -f CMakeFiles\cmTC_24975.dir\build.make /nologo -L                  CMakeFiles\cmTC_24975.dir\build
Building CXX object CMakeFiles/cmTC_24975.dir/testCXXCompiler.cxx.obj
	C:\PROGRA~2\MICROS~1\2019\Preview\VC\Tools\MSVC\1425~1.286\bin\Hostx86\x86\cl.exe @C:\Users\User\AppData\Local\Temp\nmAEE5.tmp
testCXXCompiler.cxx
Linking CXX executable cmTC_24975.exe
	"C:\Program Files\JetBrains\CLion 201.5616.31\bin\cmake\win\bin\cmake.exe" -E vs_link_exe --intdir=CMakeFiles\cmTC_24975.dir --rc=C:\PROGRA~2\WI3CF2~1\10\bin\100183~1.0\x86\rc.exe --mt=C:\PROGRA~2\WI3CF2~1\10\bin\100183~1.0\x86\mt.exe --manifests  -- C:\PROGRA~2\MICROS~1\2019\Preview\VC\Tools\MSVC\1425~1.286\bin\Hostx86\x86\link.exe /nologo @CMakeFiles\cmTC_24975.dir\objects1.rsp @C:\Users\User\AppData\Local\Temp\nmAF73.tmp



Detecting CXX compiler ABI info compiled with the following output:
Change Dir: C:/Users/User/CLionProjects/astl/cmake-build-debug-visual-studio-msvc/CMakeFiles/CMakeTmp

Run Build Command(s):nmake /nologo cmTC_3f55e\fast && 	"C:\Program Files (x86)\Microsoft Visual Studio\2019\Preview\VC\Tools\MSVC\14.25.28610\bin\HostX86\x86\nmake.exe" -f CMakeFiles\cmTC_3f55e.dir\build.make /nologo -L                  CMakeFiles\cmTC_3f55e.dir\build
Building CXX object CMakeFiles/cmTC_3f55e.dir/CMakeCXXCompilerABI.cpp.obj
	C:\PROGRA~2\MICROS~1\2019\Preview\VC\Tools\MSVC\1425~1.286\bin\Hostx86\x86\cl.exe @C:\Users\User\AppData\Local\Temp\nmB56D.tmp
CMakeCXXCompilerABI.cpp
Linking CXX executable cmTC_3f55e.exe
	"C:\Program Files\JetBrains\CLion 201.5616.31\bin\cmake\win\bin\cmake.exe" -E vs_link_exe --intdir=CMakeFiles\cmTC_3f55e.dir --rc=C:\PROGRA~2\WI3CF2~1\10\bin\100183~1.0\x86\rc.exe --mt=C:\PROGRA~2\WI3CF2~1\10\bin\100183~1.0\x86\mt.exe --manifests  -- C:\PROGRA~2\MICROS~1\2019\Preview\VC\Tools\MSVC\1425~1.286\bin\Hostx86\x86\link.exe /nologo @CMakeFiles\cmTC_3f55e.dir\objects1.rsp @C:\Users\User\AppData\Local\Temp\nmB5DC.tmp



